mode: set
github.com/wildanfaz/vehicle_rental/src/modules/v1/users/mocks.go:12.58,15.2 2 1
github.com/wildanfaz/vehicle_rental/src/modules/v1/users/mocks.go:18.70,19.16 1 1
github.com/wildanfaz/vehicle_rental/src/modules/v1/users/mocks.go:22.2,23.40 2 1
github.com/wildanfaz/vehicle_rental/src/modules/v1/users/mocks.go:19.16,21.3 1 1
github.com/wildanfaz/vehicle_rental/src/modules/v1/users/mocks.go:27.70,30.2 2 1
github.com/wildanfaz/vehicle_rental/src/modules/v1/users/mocks.go:32.85,35.2 2 1
github.com/wildanfaz/vehicle_rental/src/modules/v1/users/mocks.go:37.85,40.2 2 1
github.com/wildanfaz/vehicle_rental/src/modules/v1/users/mocks.go:42.53,44.2 1 1
github.com/wildanfaz/vehicle_rental/src/modules/v1/users/mocks.go:46.49,48.2 1 1
github.com/wildanfaz/vehicle_rental/src/modules/v1/users/mocks.go:50.51,52.2 1 1
github.com/wildanfaz/vehicle_rental/src/modules/v1/users/users_controller.go:18.55,20.2 1 1
github.com/wildanfaz/vehicle_rental/src/modules/v1/users/users_controller.go:22.77,25.23 2 0
github.com/wildanfaz/vehicle_rental/src/modules/v1/users/users_controller.go:30.2,30.14 1 0
github.com/wildanfaz/vehicle_rental/src/modules/v1/users/users_controller.go:25.23,28.3 2 0
github.com/wildanfaz/vehicle_rental/src/modules/v1/users/users_controller.go:33.73,39.23 4 0
github.com/wildanfaz/vehicle_rental/src/modules/v1/users/users_controller.go:44.2,44.14 1 0
github.com/wildanfaz/vehicle_rental/src/modules/v1/users/users_controller.go:39.23,42.3 2 0
github.com/wildanfaz/vehicle_rental/src/modules/v1/users/users_controller.go:47.73,51.16 3 0
github.com/wildanfaz/vehicle_rental/src/modules/v1/users/users_controller.go:56.2,57.23 2 0
github.com/wildanfaz/vehicle_rental/src/modules/v1/users/users_controller.go:62.2,62.14 1 0
github.com/wildanfaz/vehicle_rental/src/modules/v1/users/users_controller.go:51.16,54.3 2 0
github.com/wildanfaz/vehicle_rental/src/modules/v1/users/users_controller.go:57.23,60.3 2 0
github.com/wildanfaz/vehicle_rental/src/modules/v1/users/users_controller.go:66.76,70.16 3 0
github.com/wildanfaz/vehicle_rental/src/modules/v1/users/users_controller.go:75.2,78.23 3 0
github.com/wildanfaz/vehicle_rental/src/modules/v1/users/users_controller.go:83.2,83.14 1 0
github.com/wildanfaz/vehicle_rental/src/modules/v1/users/users_controller.go:70.16,73.3 2 0
github.com/wildanfaz/vehicle_rental/src/modules/v1/users/users_controller.go:78.23,81.3 2 0
github.com/wildanfaz/vehicle_rental/src/modules/v1/users/users_controller.go:86.76,93.23 4 0
github.com/wildanfaz/vehicle_rental/src/modules/v1/users/users_controller.go:98.2,98.14 1 0
github.com/wildanfaz/vehicle_rental/src/modules/v1/users/users_controller.go:93.23,96.3 2 0
github.com/wildanfaz/vehicle_rental/src/modules/v1/users/users_controller.go:101.79,106.23 3 1
github.com/wildanfaz/vehicle_rental/src/modules/v1/users/users_controller.go:111.2,111.14 1 1
github.com/wildanfaz/vehicle_rental/src/modules/v1/users/users_controller.go:106.23,109.3 2 0
github.com/wildanfaz/vehicle_rental/src/modules/v1/users/users_repo.go:14.39,16.2 1 0
github.com/wildanfaz/vehicle_rental/src/modules/v1/users/users_repo.go:18.61,23.25 3 0
github.com/wildanfaz/vehicle_rental/src/modules/v1/users/users_repo.go:27.2,27.19 1 0
github.com/wildanfaz/vehicle_rental/src/modules/v1/users/users_repo.go:23.25,25.3 1 0
github.com/wildanfaz/vehicle_rental/src/modules/v1/users/users_repo.go:30.73,51.25 2 0
github.com/wildanfaz/vehicle_rental/src/modules/v1/users/users_repo.go:55.2,55.18 1 0
github.com/wildanfaz/vehicle_rental/src/modules/v1/users/users_repo.go:51.25,53.3 1 0
github.com/wildanfaz/vehicle_rental/src/modules/v1/users/users_repo.go:58.88,86.25 2 0
github.com/wildanfaz/vehicle_rental/src/modules/v1/users/users_repo.go:90.2,90.18 1 0
github.com/wildanfaz/vehicle_rental/src/modules/v1/users/users_repo.go:86.25,88.3 1 0
github.com/wildanfaz/vehicle_rental/src/modules/v1/users/users_repo.go:93.88,105.25 2 0
github.com/wildanfaz/vehicle_rental/src/modules/v1/users/users_repo.go:109.2,109.18 1 0
github.com/wildanfaz/vehicle_rental/src/modules/v1/users/users_repo.go:105.25,107.3 1 0
github.com/wildanfaz/vehicle_rental/src/modules/v1/users/users_repo.go:112.73,119.24 5 0
github.com/wildanfaz/vehicle_rental/src/modules/v1/users/users_repo.go:123.2,125.25 2 0
github.com/wildanfaz/vehicle_rental/src/modules/v1/users/users_repo.go:129.2,129.19 1 0
github.com/wildanfaz/vehicle_rental/src/modules/v1/users/users_repo.go:119.24,121.3 1 0
github.com/wildanfaz/vehicle_rental/src/modules/v1/users/users_repo.go:125.25,127.3 1 0
github.com/wildanfaz/vehicle_rental/src/modules/v1/users/users_repo.go:132.54,139.24 5 0
github.com/wildanfaz/vehicle_rental/src/modules/v1/users/users_repo.go:143.2,143.12 1 0
github.com/wildanfaz/vehicle_rental/src/modules/v1/users/users_repo.go:139.24,141.3 1 0
github.com/wildanfaz/vehicle_rental/src/modules/v1/users/users_repo.go:146.56,152.14 4 0
github.com/wildanfaz/vehicle_rental/src/modules/v1/users/users_repo.go:156.2,156.12 1 0
github.com/wildanfaz/vehicle_rental/src/modules/v1/users/users_repo.go:152.14,154.3 1 0
github.com/wildanfaz/vehicle_rental/src/modules/v1/users/users_repo.go:159.52,166.24 5 0
github.com/wildanfaz/vehicle_rental/src/modules/v1/users/users_repo.go:170.2,170.12 1 0
github.com/wildanfaz/vehicle_rental/src/modules/v1/users/users_repo.go:166.24,168.3 1 0
github.com/wildanfaz/vehicle_rental/src/modules/v1/users/users_router.go:9.39,26.2 9 0
github.com/wildanfaz/vehicle_rental/src/modules/v1/users/users_service.go:13.59,15.2 1 1
github.com/wildanfaz/vehicle_rental/src/modules/v1/users/users_service.go:17.52,20.16 2 1
github.com/wildanfaz/vehicle_rental/src/modules/v1/users/users_service.go:24.2,24.58 1 1
github.com/wildanfaz/vehicle_rental/src/modules/v1/users/users_service.go:20.16,22.3 1 0
github.com/wildanfaz/vehicle_rental/src/modules/v1/users/users_service.go:27.65,30.20 2 1
github.com/wildanfaz/vehicle_rental/src/modules/v1/users/users_service.go:34.2,36.51 2 1
github.com/wildanfaz/vehicle_rental/src/modules/v1/users/users_service.go:40.2,42.16 2 1
github.com/wildanfaz/vehicle_rental/src/modules/v1/users/users_service.go:46.2,46.65 1 1
github.com/wildanfaz/vehicle_rental/src/modules/v1/users/users_service.go:30.20,32.3 1 0
github.com/wildanfaz/vehicle_rental/src/modules/v1/users/users_service.go:36.51,38.3 1 0
github.com/wildanfaz/vehicle_rental/src/modules/v1/users/users_service.go:42.16,44.3 1 0
github.com/wildanfaz/vehicle_rental/src/modules/v1/users/users_service.go:49.81,50.61 1 1
github.com/wildanfaz/vehicle_rental/src/modules/v1/users/users_service.go:54.2,54.51 1 1
github.com/wildanfaz/vehicle_rental/src/modules/v1/users/users_service.go:58.2,60.16 2 1
github.com/wildanfaz/vehicle_rental/src/modules/v1/users/users_service.go:64.2,64.60 1 1
github.com/wildanfaz/vehicle_rental/src/modules/v1/users/users_service.go:50.61,52.3 1 0
github.com/wildanfaz/vehicle_rental/src/modules/v1/users/users_service.go:54.51,56.3 1 0
github.com/wildanfaz/vehicle_rental/src/modules/v1/users/users_service.go:60.16,62.3 1 0
github.com/wildanfaz/vehicle_rental/src/modules/v1/users/users_service.go:67.81,68.55 1 1
github.com/wildanfaz/vehicle_rental/src/modules/v1/users/users_service.go:72.2,74.16 2 1
github.com/wildanfaz/vehicle_rental/src/modules/v1/users/users_service.go:78.2,78.60 1 1
github.com/wildanfaz/vehicle_rental/src/modules/v1/users/users_service.go:68.55,70.3 1 0
github.com/wildanfaz/vehicle_rental/src/modules/v1/users/users_service.go:74.16,76.3 1 0
github.com/wildanfaz/vehicle_rental/src/modules/v1/users/users_service.go:81.65,84.16 2 1
github.com/wildanfaz/vehicle_rental/src/modules/v1/users/users_service.go:88.2,88.58 1 1
github.com/wildanfaz/vehicle_rental/src/modules/v1/users/users_service.go:84.16,86.3 1 0
github.com/wildanfaz/vehicle_rental/src/libs/hashing.go:5.55,8.2 2 1
github.com/wildanfaz/vehicle_rental/src/libs/hashing.go:10.62,13.16 2 1
github.com/wildanfaz/vehicle_rental/src/libs/hashing.go:17.2,17.12 1 0
github.com/wildanfaz/vehicle_rental/src/libs/hashing.go:13.16,15.3 1 1
github.com/wildanfaz/vehicle_rental/src/libs/response.go:16.46,25.16 7 0
github.com/wildanfaz/vehicle_rental/src/libs/response.go:25.16,27.3 1 0
github.com/wildanfaz/vehicle_rental/src/libs/response.go:30.78,31.16 1 1
github.com/wildanfaz/vehicle_rental/src/libs/response.go:41.2,47.3 1 1
github.com/wildanfaz/vehicle_rental/src/libs/response.go:31.16,39.3 1 0
github.com/wildanfaz/vehicle_rental/src/libs/response.go:50.43,51.16 1 1
github.com/wildanfaz/vehicle_rental/src/libs/response.go:52.11,53.14 1 1
github.com/wildanfaz/vehicle_rental/src/libs/response.go:54.11,55.19 1 0
github.com/wildanfaz/vehicle_rental/src/libs/response.go:56.11,57.24 1 0
github.com/wildanfaz/vehicle_rental/src/libs/response.go:58.11,59.23 1 0
github.com/wildanfaz/vehicle_rental/src/libs/response.go:60.11,61.24 1 0
github.com/wildanfaz/vehicle_rental/src/libs/response.go:62.11,63.21 1 0
github.com/wildanfaz/vehicle_rental/src/libs/response.go:64.11,65.33 1 0
github.com/wildanfaz/vehicle_rental/src/libs/response.go:66.11,67.23 1 0
github.com/wildanfaz/vehicle_rental/src/libs/response.go:68.10,69.12 1 0
github.com/wildanfaz/vehicle_rental/src/libs/token.go:19.42,27.2 1 1
github.com/wildanfaz/vehicle_rental/src/libs/token.go:29.43,33.2 2 1
github.com/wildanfaz/vehicle_rental/src/libs/token.go:35.48,36.95 1 1
github.com/wildanfaz/vehicle_rental/src/libs/token.go:40.2,40.16 1 1
github.com/wildanfaz/vehicle_rental/src/libs/token.go:44.2,45.20 2 0
github.com/wildanfaz/vehicle_rental/src/libs/token.go:36.95,38.3 1 0
github.com/wildanfaz/vehicle_rental/src/libs/token.go:40.16,42.3 1 1
